2019/01/14 22:46:31 [INFO] Terraform version: 0.11.11  
2019/01/14 22:46:31 [INFO] Go runtime version: go1.11.4
2019/01/14 22:46:31 [INFO] CLI args: []string{"/usr/local/Cellar/terraform/0.11.11/bin/terraform", "apply"}
2019/01/14 22:46:31 [DEBUG] Attempting to open CLI config file: /Users/het/.terraformrc
2019/01/14 22:46:31 [DEBUG] File doesn't exist, but doesn't need to. Ignoring.
2019/01/14 22:46:31 [INFO] CLI command args: []string{"apply"}
2019/01/14 22:46:31 [INFO] command: empty terraform config, returning nil
2019/01/14 22:46:31 [DEBUG] command: no data state file found for backend config
2019/01/14 22:46:31 [DEBUG] New state was assigned lineage "5b988591-6ab4-6a1e-1535-d1500f5a8d79"
2019/01/14 22:46:31 [INFO] command: backend initialized: <nil>
2019/01/14 22:46:31 [DEBUG] checking for provider in "."
2019/01/14 22:46:31 [WARN] found legacy provider "terraform-provider-vmc"
2019/01/14 22:46:31 [DEBUG] checking for provider in "/usr/local/Cellar/terraform/0.11.11/bin"
2019/01/14 22:46:31 [DEBUG] checking for provider in ".terraform/plugins/darwin_amd64"
2019/01/14 22:46:31 [DEBUG] found valid plugin: "vmc", "0.0.0", "/Users/het/go/src/gitlab.eng.vmware.com/het/terraform-provider-vmc/terraform-provider-vmc"
2019/01/14 22:46:31 [DEBUG] checking for provisioner in "."
2019/01/14 22:46:31 [DEBUG] checking for provisioner in "/usr/local/Cellar/terraform/0.11.11/bin"
2019/01/14 22:46:31 [DEBUG] checking for provisioner in ".terraform/plugins/darwin_amd64"
2019/01/14 22:46:31 [INFO] command: backend <nil> is not enhanced, wrapping in local
2019/01/14 22:46:31 [INFO] backend/local: starting Apply operation
2019/01/14 22:46:31 [TRACE] Preserving existing state lineage "99c151cf-be3b-b56a-b13c-0e510d45c713"
2019/01/14 22:46:31 [TRACE] Preserving existing state lineage "99c151cf-be3b-b56a-b13c-0e510d45c713"
2019/01/14 22:46:31 [INFO] terraform: building graph: GraphTypeInput
2019/01/14 22:46:31 [TRACE] ConfigTransformer: Starting for path: []
2019/01/14 22:46:31 [TRACE] Graph after step *terraform.ConfigTransformer:

data.vmc_org.my_org - *terraform.NodeAbstractResource
vmc_sddc.sddc_1 - *terraform.NodeAbstractResource
2019/01/14 22:46:31 [TRACE] Graph after step *terraform.LocalTransformer:

data.vmc_org.my_org - *terraform.NodeAbstractResource
vmc_sddc.sddc_1 - *terraform.NodeAbstractResource
2019/01/14 22:46:31 [TRACE] Graph after step *terraform.OutputTransformer:

data.vmc_org.my_org - *terraform.NodeAbstractResource
vmc_sddc.sddc_1 - *terraform.NodeAbstractResource
2019/01/14 22:46:31 [TRACE] Graph after step *terraform.OrphanResourceTransformer:

data.vmc_org.my_org - *terraform.NodeAbstractResource
vmc_sddc.sddc_1 - *terraform.NodeAbstractResource
2019/01/14 22:46:31 [TRACE] Graph after step *terraform.OrphanOutputTransformer:

data.vmc_org.my_org - *terraform.NodeAbstractResource
vmc_sddc.sddc_1 - *terraform.NodeAbstractResource
2019/01/14 22:46:31 [TRACE] AttachResourceConfigTransformer: Beginning...
2019/01/14 22:46:31 [TRACE] AttachResourceConfigTransformer: Attach resource config request: data.vmc_org.my_org
2019/01/14 22:46:31 [TRACE] Attaching resource config: &config.Resource{Mode:1, Name:"my_org", Type:"vmc_org", RawCount:(*config.RawConfig)(0xc00037c930), RawConfig:(*config.RawConfig)(0xc00037c8c0), Provisioners:[]*config.Provisioner{}, Provider:"", DependsOn:[]string(nil), Lifecycle:config.ResourceLifecycle{CreateBeforeDestroy:false, PreventDestroy:false, IgnoreChanges:[]string(nil)}}
2019/01/14 22:46:31 [TRACE] AttachResourceConfigTransformer: Attach resource config request: vmc_sddc.sddc_1
2019/01/14 22:46:31 [TRACE] Attaching resource config: &config.Resource{Mode:0, Name:"sddc_1", Type:"vmc_sddc", RawCount:(*config.RawConfig)(0xc00037c850), RawConfig:(*config.RawConfig)(0xc00037c7e0), Provisioners:[]*config.Provisioner(nil), Provider:"", DependsOn:[]string(nil), Lifecycle:config.ResourceLifecycle{CreateBeforeDestroy:false, PreventDestroy:false, IgnoreChanges:[]string(nil)}}
2019/01/14 22:46:31 [TRACE] Graph after step *terraform.AttachResourceConfigTransformer:

data.vmc_org.my_org - *terraform.NodeAbstractResource
vmc_sddc.sddc_1 - *terraform.NodeAbstractResource
2019/01/14 22:46:31 [DEBUG] Attaching resource state to "vmc_sddc.sddc_1": &terraform.ResourceState{Type:"vmc_sddc", Dependencies:[]string{"data.vmc_org.my_org"}, Primary:(*terraform.InstanceState)(0xc0004266e0), Deposed:[]*terraform.InstanceState{}, Provider:"provider.vmc", mu:sync.Mutex{state:0, sema:0x0}}
2019/01/14 22:46:31 [DEBUG] Attaching resource state to "data.vmc_org.my_org": &terraform.ResourceState{Type:"vmc_org", Dependencies:[]string{}, Primary:(*terraform.InstanceState)(0xc000426640), Deposed:[]*terraform.InstanceState{}, Provider:"provider.vmc", mu:sync.Mutex{state:0, sema:0x0}}
2019/01/14 22:46:31 [TRACE] Graph after step *terraform.AttachStateTransformer:

data.vmc_org.my_org - *terraform.NodeAbstractResource
vmc_sddc.sddc_1 - *terraform.NodeAbstractResource
2019/01/14 22:46:31 [TRACE] Graph after step *terraform.RootVariableTransformer:

data.vmc_org.my_org - *terraform.NodeAbstractResource
vmc_sddc.sddc_1 - *terraform.NodeAbstractResource
2019/01/14 22:46:31 [TRACE] ProviderConfigTransformer: Starting for path: []
2019/01/14 22:46:31 [TRACE] Attach provider request: []string{} vmc
2019/01/14 22:46:31 [TRACE] Attaching provider config: *config.ProviderConfig{Name:"vmc", Alias:"", Version:"", RawConfig:(*config.RawConfig)(0xc00037c770)}
2019/01/14 22:46:31 [TRACE] Graph after step *terraform.ProviderConfigTransformer:

data.vmc_org.my_org - *terraform.NodeAbstractResource
provider.vmc - *terraform.NodeApplyableProvider
vmc_sddc.sddc_1 - *terraform.NodeAbstractResource
2019/01/14 22:46:31 [TRACE] Graph after step *terraform.MissingProviderTransformer:

data.vmc_org.my_org - *terraform.NodeAbstractResource
provider.vmc - *terraform.NodeApplyableProvider
vmc_sddc.sddc_1 - *terraform.NodeAbstractResource
2019/01/14 22:46:31 [DEBUG] resource data.vmc_org.my_org using provider provider.vmc
2019/01/14 22:46:31 [DEBUG] resource vmc_sddc.sddc_1 using provider provider.vmc
2019/01/14 22:46:31 [TRACE] Graph after step *terraform.ProviderTransformer:

data.vmc_org.my_org - *terraform.NodeAbstractResource
  provider.vmc - *terraform.NodeApplyableProvider
provider.vmc - *terraform.NodeApplyableProvider
vmc_sddc.sddc_1 - *terraform.NodeAbstractResource
  provider.vmc - *terraform.NodeApplyableProvider
2019/01/14 22:46:31 [TRACE] Graph after step *terraform.PruneProviderTransformer:

data.vmc_org.my_org - *terraform.NodeAbstractResource
  provider.vmc - *terraform.NodeApplyableProvider
provider.vmc - *terraform.NodeApplyableProvider
vmc_sddc.sddc_1 - *terraform.NodeAbstractResource
  provider.vmc - *terraform.NodeApplyableProvider
2019/01/14 22:46:31 [TRACE] Graph after step *terraform.ParentProviderTransformer:

data.vmc_org.my_org - *terraform.NodeAbstractResource
  provider.vmc - *terraform.NodeApplyableProvider
provider.vmc - *terraform.NodeApplyableProvider
vmc_sddc.sddc_1 - *terraform.NodeAbstractResource
  provider.vmc - *terraform.NodeApplyableProvider
2019/01/14 22:46:31 [TRACE] Graph after step *terraform.graphTransformerMulti:

data.vmc_org.my_org - *terraform.NodeAbstractResource
  provider.vmc - *terraform.NodeApplyableProvider
provider.vmc - *terraform.NodeApplyableProvider
vmc_sddc.sddc_1 - *terraform.NodeAbstractResource
  provider.vmc - *terraform.NodeApplyableProvider
2019/01/14 22:46:31 [TRACE] Graph after step *terraform.ModuleVariableTransformer:

data.vmc_org.my_org - *terraform.NodeAbstractResource
  provider.vmc - *terraform.NodeApplyableProvider
provider.vmc - *terraform.NodeApplyableProvider
vmc_sddc.sddc_1 - *terraform.NodeAbstractResource
  provider.vmc - *terraform.NodeApplyableProvider
2019/01/14 22:46:31 [TRACE] Graph after step *terraform.RemovedModuleTransformer:

data.vmc_org.my_org - *terraform.NodeAbstractResource
  provider.vmc - *terraform.NodeApplyableProvider
provider.vmc - *terraform.NodeApplyableProvider
vmc_sddc.sddc_1 - *terraform.NodeAbstractResource
  provider.vmc - *terraform.NodeApplyableProvider
2019/01/14 22:46:31 [DEBUG] ReferenceTransformer: "data.vmc_org.my_org" references: []
2019/01/14 22:46:31 [DEBUG] ReferenceTransformer: "vmc_sddc.sddc_1" references: [data.vmc_org.my_org]
2019/01/14 22:46:31 [DEBUG] ReferenceTransformer: "provider.vmc" references: []
2019/01/14 22:46:31 [TRACE] Graph after step *terraform.ReferenceTransformer:

data.vmc_org.my_org - *terraform.NodeAbstractResource
  provider.vmc - *terraform.NodeApplyableProvider
provider.vmc - *terraform.NodeApplyableProvider
vmc_sddc.sddc_1 - *terraform.NodeAbstractResource
  data.vmc_org.my_org - *terraform.NodeAbstractResource
  provider.vmc - *terraform.NodeApplyableProvider
2019/01/14 22:46:31 [TRACE] Graph after step *terraform.CountBoundaryTransformer:

data.vmc_org.my_org - *terraform.NodeAbstractResource
  provider.vmc - *terraform.NodeApplyableProvider
meta.count-boundary (count boundary fixup) - *terraform.NodeCountBoundary
  data.vmc_org.my_org - *terraform.NodeAbstractResource
  provider.vmc - *terraform.NodeApplyableProvider
  vmc_sddc.sddc_1 - *terraform.NodeAbstractResource
provider.vmc - *terraform.NodeApplyableProvider
vmc_sddc.sddc_1 - *terraform.NodeAbstractResource
  data.vmc_org.my_org - *terraform.NodeAbstractResource
  provider.vmc - *terraform.NodeApplyableProvider
2019/01/14 22:46:31 [TRACE] Graph after step *terraform.TargetsTransformer:

data.vmc_org.my_org - *terraform.NodeAbstractResource
  provider.vmc - *terraform.NodeApplyableProvider
meta.count-boundary (count boundary fixup) - *terraform.NodeCountBoundary
  data.vmc_org.my_org - *terraform.NodeAbstractResource
  provider.vmc - *terraform.NodeApplyableProvider
  vmc_sddc.sddc_1 - *terraform.NodeAbstractResource
provider.vmc - *terraform.NodeApplyableProvider
vmc_sddc.sddc_1 - *terraform.NodeAbstractResource
  data.vmc_org.my_org - *terraform.NodeAbstractResource
  provider.vmc - *terraform.NodeApplyableProvider
2019/01/14 22:46:31 [TRACE] Graph after step *terraform.CloseProviderTransformer:

data.vmc_org.my_org - *terraform.NodeAbstractResource
  provider.vmc - *terraform.NodeApplyableProvider
meta.count-boundary (count boundary fixup) - *terraform.NodeCountBoundary
  data.vmc_org.my_org - *terraform.NodeAbstractResource
  provider.vmc - *terraform.NodeApplyableProvider
  vmc_sddc.sddc_1 - *terraform.NodeAbstractResource
provider.vmc - *terraform.NodeApplyableProvider
provider.vmc (close) - *terraform.graphNodeCloseProvider
  data.vmc_org.my_org - *terraform.NodeAbstractResource
  provider.vmc - *terraform.NodeApplyableProvider
  vmc_sddc.sddc_1 - *terraform.NodeAbstractResource
vmc_sddc.sddc_1 - *terraform.NodeAbstractResource
  data.vmc_org.my_org - *terraform.NodeAbstractResource
  provider.vmc - *terraform.NodeApplyableProvider
2019/01/14 22:46:31 [TRACE] Graph after step *terraform.CloseProvisionerTransformer:

data.vmc_org.my_org - *terraform.NodeAbstractResource
  provider.vmc - *terraform.NodeApplyableProvider
meta.count-boundary (count boundary fixup) - *terraform.NodeCountBoundary
  data.vmc_org.my_org - *terraform.NodeAbstractResource
  provider.vmc - *terraform.NodeApplyableProvider
  vmc_sddc.sddc_1 - *terraform.NodeAbstractResource
provider.vmc - *terraform.NodeApplyableProvider
provider.vmc (close) - *terraform.graphNodeCloseProvider
  data.vmc_org.my_org - *terraform.NodeAbstractResource
  provider.vmc - *terraform.NodeApplyableProvider
  vmc_sddc.sddc_1 - *terraform.NodeAbstractResource
vmc_sddc.sddc_1 - *terraform.NodeAbstractResource
  data.vmc_org.my_org - *terraform.NodeAbstractResource
  provider.vmc - *terraform.NodeApplyableProvider
2019/01/14 22:46:31 [TRACE] Graph after step *terraform.RootTransformer:

data.vmc_org.my_org - *terraform.NodeAbstractResource
  provider.vmc - *terraform.NodeApplyableProvider
meta.count-boundary (count boundary fixup) - *terraform.NodeCountBoundary
  data.vmc_org.my_org - *terraform.NodeAbstractResource
  provider.vmc - *terraform.NodeApplyableProvider
  vmc_sddc.sddc_1 - *terraform.NodeAbstractResource
provider.vmc - *terraform.NodeApplyableProvider
provider.vmc (close) - *terraform.graphNodeCloseProvider
  data.vmc_org.my_org - *terraform.NodeAbstractResource
  provider.vmc - *terraform.NodeApplyableProvider
  vmc_sddc.sddc_1 - *terraform.NodeAbstractResource
root - terraform.graphNodeRoot
  meta.count-boundary (count boundary fixup) - *terraform.NodeCountBoundary
  provider.vmc (close) - *terraform.graphNodeCloseProvider
vmc_sddc.sddc_1 - *terraform.NodeAbstractResource
  data.vmc_org.my_org - *terraform.NodeAbstractResource
  provider.vmc - *terraform.NodeApplyableProvider
2019/01/14 22:46:31 [TRACE] Graph after step *terraform.TransitiveReductionTransformer:

data.vmc_org.my_org - *terraform.NodeAbstractResource
  provider.vmc - *terraform.NodeApplyableProvider
meta.count-boundary (count boundary fixup) - *terraform.NodeCountBoundary
  vmc_sddc.sddc_1 - *terraform.NodeAbstractResource
provider.vmc - *terraform.NodeApplyableProvider
provider.vmc (close) - *terraform.graphNodeCloseProvider
  vmc_sddc.sddc_1 - *terraform.NodeAbstractResource
root - terraform.graphNodeRoot
  meta.count-boundary (count boundary fixup) - *terraform.NodeCountBoundary
  provider.vmc (close) - *terraform.graphNodeCloseProvider
vmc_sddc.sddc_1 - *terraform.NodeAbstractResource
  data.vmc_org.my_org - *terraform.NodeAbstractResource
2019/01/14 22:46:31 [DEBUG] Starting graph walk: walkInput
2019/01/14 22:46:31 [TRACE] dag/walk: added new vertex: "meta.count-boundary (count boundary fixup)"
2019/01/14 22:46:31 [TRACE] dag/walk: added new vertex: "provider.vmc (close)"
2019/01/14 22:46:31 [TRACE] dag/walk: added new vertex: "root"
2019/01/14 22:46:31 [TRACE] dag/walk: added new vertex: "data.vmc_org.my_org"
2019/01/14 22:46:31 [TRACE] dag/walk: added new vertex: "vmc_sddc.sddc_1"
2019/01/14 22:46:31 [TRACE] dag/walk: added new vertex: "provider.vmc"
2019/01/14 22:46:31 [TRACE] dag/walk: added edge: "vmc_sddc.sddc_1" waiting on "data.vmc_org.my_org"
2019/01/14 22:46:31 [TRACE] dag/walk: added edge: "provider.vmc (close)" waiting on "vmc_sddc.sddc_1"
2019/01/14 22:46:31 [TRACE] dag/walk: added edge: "root" waiting on "provider.vmc (close)"
2019/01/14 22:46:31 [TRACE] dag/walk: added edge: "data.vmc_org.my_org" waiting on "provider.vmc"
2019/01/14 22:46:31 [TRACE] dag/walk: added edge: "meta.count-boundary (count boundary fixup)" waiting on "vmc_sddc.sddc_1"
2019/01/14 22:46:31 [TRACE] dag/walk: added edge: "root" waiting on "meta.count-boundary (count boundary fixup)"
2019/01/14 22:46:31 [TRACE] dag/walk: dependencies changed for "vmc_sddc.sddc_1", sending new deps
2019/01/14 22:46:31 [TRACE] dag/walk: dependencies changed for "provider.vmc (close)", sending new deps
2019/01/14 22:46:31 [TRACE] dag/walk: dependencies changed for "root", sending new deps
2019/01/14 22:46:31 [TRACE] dag/walk: dependencies changed for "data.vmc_org.my_org", sending new deps
2019/01/14 22:46:31 [TRACE] dag/walk: dependencies changed for "meta.count-boundary (count boundary fixup)", sending new deps
2019/01/14 22:46:31 [TRACE] dag/walk: walking "provider.vmc"
2019/01/14 22:46:31 [TRACE] vertex 'root.provider.vmc': walking
2019/01/14 22:46:31 [TRACE] vertex 'root.provider.vmc': evaluating
2019/01/14 22:46:31 [TRACE] [walkInput] Entering eval tree: provider.vmc
2019/01/14 22:46:31 [TRACE] root: eval: *terraform.EvalSequence
2019/01/14 22:46:31 [TRACE] root: eval: *terraform.EvalInitProvider
2019-01-14T22:46:31.853+0800 [DEBUG] plugin: starting plugin: path=/Users/het/go/src/gitlab.eng.vmware.com/het/terraform-provider-vmc/terraform-provider-vmc args=[/Users/het/go/src/gitlab.eng.vmware.com/het/terraform-provider-vmc/terraform-provider-vmc]
2019-01-14T22:46:31.856+0800 [DEBUG] plugin: waiting for RPC address: path=/Users/het/go/src/gitlab.eng.vmware.com/het/terraform-provider-vmc/terraform-provider-vmc
2019-01-14T22:46:31.877+0800 [DEBUG] plugin.terraform-provider-vmc: plugin address: timestamp=2019-01-14T22:46:31.877+0800 address=/var/folders/wf/stk5gfcx7rbfqt9j30522dbc0030v2/T/plugin056433191 network=unix
2019/01/14 22:46:31 [TRACE] root: eval: *terraform.EvalOpFilter
2019/01/14 22:46:31 [TRACE] root: eval: *terraform.EvalSequence
2019/01/14 22:46:31 [TRACE] root: eval: *terraform.EvalGetProvider
2019/01/14 22:46:31 [TRACE] root: eval: *terraform.EvalInterpolateProvider
2019/01/14 22:46:31 [TRACE] root: eval: *terraform.EvalBuildProviderConfig
2019/01/14 22:46:31 [TRACE] root: eval: *terraform.EvalInputProvider
2019/01/14 22:46:31 [TRACE] root: eval: terraform.EvalNoop
2019/01/14 22:46:31 [TRACE] root: eval: terraform.EvalNoop
2019/01/14 22:46:31 [TRACE] root: eval: terraform.EvalNoop
2019/01/14 22:46:31 [TRACE] [walkInput] Exiting eval tree: provider.vmc
2019/01/14 22:46:31 [TRACE] dag/walk: walking "data.vmc_org.my_org"
2019/01/14 22:46:31 [TRACE] vertex 'root.data.vmc_org.my_org': walking
2019/01/14 22:46:31 [TRACE] dag/walk: walking "vmc_sddc.sddc_1"
2019/01/14 22:46:31 [TRACE] vertex 'root.vmc_sddc.sddc_1': walking
2019/01/14 22:46:31 [TRACE] dag/walk: walking "provider.vmc (close)"
2019/01/14 22:46:31 [TRACE] vertex 'root.provider.vmc (close)': walking
2019/01/14 22:46:31 [TRACE] vertex 'root.provider.vmc (close)': evaluating
2019/01/14 22:46:31 [TRACE] dag/walk: walking "meta.count-boundary (count boundary fixup)"
2019/01/14 22:46:31 [TRACE] vertex 'root.meta.count-boundary (count boundary fixup)': walking
2019/01/14 22:46:31 [TRACE] [walkInput] Entering eval tree: provider.vmc (close)
2019/01/14 22:46:31 [TRACE] root: eval: *terraform.EvalCloseProvider
2019/01/14 22:46:31 [TRACE] [walkInput] Exiting eval tree: provider.vmc (close)
2019/01/14 22:46:31 [TRACE] vertex 'root.meta.count-boundary (count boundary fixup)': evaluating
2019/01/14 22:46:31 [TRACE] [walkInput] Entering eval tree: meta.count-boundary (count boundary fixup)
2019/01/14 22:46:31 [TRACE] root: eval: *terraform.EvalCountFixZeroOneBoundaryGlobal
2019/01/14 22:46:31 [TRACE] EvalCountFixZeroOneBoundaryGlobal: count 1, search "data.vmc_org.my_org.0", replace "data.vmc_org.my_org"
2019/01/14 22:46:31 [TRACE] EvalCountFixZeroOneBoundaryGlobal: count 1, search "vmc_sddc.sddc_1.0", replace "vmc_sddc.sddc_1"
2019/01/14 22:46:31 [TRACE] [walkInput] Exiting eval tree: meta.count-boundary (count boundary fixup)
2019/01/14 22:46:31 [TRACE] dag/walk: walking "root"
2019/01/14 22:46:31 [TRACE] vertex 'root.root': walking
2019/01/14 22:46:31 [INFO] terraform: building graph: GraphTypeValidate
2019/01/14 22:46:31 [TRACE] ConfigTransformer: Starting for path: []
2019/01/14 22:46:31 [TRACE] Graph after step *terraform.ConfigTransformer:

data.vmc_org.my_org - *terraform.NodeValidatableResource
vmc_sddc.sddc_1 - *terraform.NodeValidatableResource
2019/01/14 22:46:31 [TRACE] Graph after step *terraform.LocalTransformer:

data.vmc_org.my_org - *terraform.NodeValidatableResource
vmc_sddc.sddc_1 - *terraform.NodeValidatableResource
2019/01/14 22:46:31 [TRACE] Graph after step *terraform.OutputTransformer:

data.vmc_org.my_org - *terraform.NodeValidatableResource
vmc_sddc.sddc_1 - *terraform.NodeValidatableResource
2019/01/14 22:46:31 [TRACE] Graph after step *terraform.OrphanResourceTransformer:

data.vmc_org.my_org - *terraform.NodeValidatableResource
vmc_sddc.sddc_1 - *terraform.NodeValidatableResource
2019/01/14 22:46:31 [TRACE] Graph after step *terraform.OrphanOutputTransformer:

data.vmc_org.my_org - *terraform.NodeValidatableResource
vmc_sddc.sddc_1 - *terraform.NodeValidatableResource
2019/01/14 22:46:31 [TRACE] AttachResourceConfigTransformer: Beginning...
2019/01/14 22:46:31 [TRACE] AttachResourceConfigTransformer: Attach resource config request: data.vmc_org.my_org
2019/01/14 22:46:31 [TRACE] Attaching resource config: &config.Resource{Mode:1, Name:"my_org", Type:"vmc_org", RawCount:(*config.RawConfig)(0xc00037c930), RawConfig:(*config.RawConfig)(0xc00037c8c0), Provisioners:[]*config.Provisioner{}, Provider:"", DependsOn:[]string(nil), Lifecycle:config.ResourceLifecycle{CreateBeforeDestroy:false, PreventDestroy:false, IgnoreChanges:[]string(nil)}}
2019/01/14 22:46:31 [TRACE] AttachResourceConfigTransformer: Attach resource config request: vmc_sddc.sddc_1
2019/01/14 22:46:31 [TRACE] Attaching resource config: &config.Resource{Mode:0, Name:"sddc_1", Type:"vmc_sddc", RawCount:(*config.RawConfig)(0xc00037c850), RawConfig:(*config.RawConfig)(0xc00037c7e0), Provisioners:[]*config.Provisioner(nil), Provider:"", DependsOn:[]string(nil), Lifecycle:config.ResourceLifecycle{CreateBeforeDestroy:false, PreventDestroy:false, IgnoreChanges:[]string(nil)}}
2019/01/14 22:46:31 [TRACE] Graph after step *terraform.AttachResourceConfigTransformer:

data.vmc_org.my_org - *terraform.NodeValidatableResource
vmc_sddc.sddc_1 - *terraform.NodeValidatableResource
2019/01/14 22:46:31 [DEBUG] Attaching resource state to "data.vmc_org.my_org": &terraform.ResourceState{Type:"vmc_org", Dependencies:[]string{}, Primary:(*terraform.InstanceState)(0xc000426640), Deposed:[]*terraform.InstanceState{}, Provider:"provider.vmc", mu:sync.Mutex{state:0, sema:0x0}}
2019/01/14 22:46:31 [DEBUG] Attaching resource state to "vmc_sddc.sddc_1": &terraform.ResourceState{Type:"vmc_sddc", Dependencies:[]string{"data.vmc_org.my_org"}, Primary:(*terraform.InstanceState)(0xc0004266e0), Deposed:[]*terraform.InstanceState{}, Provider:"provider.vmc", mu:sync.Mutex{state:0, sema:0x0}}
2019/01/14 22:46:31 [TRACE] Graph after step *terraform.AttachStateTransformer:

data.vmc_org.my_org - *terraform.NodeValidatableResource
vmc_sddc.sddc_1 - *terraform.NodeValidatableResource
2019/01/14 22:46:31 [TRACE] Graph after step *terraform.RootVariableTransformer:

data.vmc_org.my_org - *terraform.NodeValidatableResource
vmc_sddc.sddc_1 - *terraform.NodeValidatableResource
2019/01/14 22:46:31 [TRACE] ProviderConfigTransformer: Starting for path: []
2019/01/14 22:46:31 [TRACE] Attach provider request: []string{} vmc
2019/01/14 22:46:31 [TRACE] Attaching provider config: *config.ProviderConfig{Name:"vmc", Alias:"", Version:"", RawConfig:(*config.RawConfig)(0xc00037c770)}
2019/01/14 22:46:31 [TRACE] Graph after step *terraform.ProviderConfigTransformer:

data.vmc_org.my_org - *terraform.NodeValidatableResource
provider.vmc - *terraform.NodeApplyableProvider
vmc_sddc.sddc_1 - *terraform.NodeValidatableResource
2019/01/14 22:46:31 [TRACE] Graph after step *terraform.MissingProviderTransformer:

data.vmc_org.my_org - *terraform.NodeValidatableResource
provider.vmc - *terraform.NodeApplyableProvider
vmc_sddc.sddc_1 - *terraform.NodeValidatableResource
2019/01/14 22:46:31 [DEBUG] resource data.vmc_org.my_org using provider provider.vmc
2019/01/14 22:46:31 [DEBUG] resource vmc_sddc.sddc_1 using provider provider.vmc
2019/01/14 22:46:31 [TRACE] Graph after step *terraform.ProviderTransformer:

data.vmc_org.my_org - *terraform.NodeValidatableResource
  provider.vmc - *terraform.NodeApplyableProvider
provider.vmc - *terraform.NodeApplyableProvider
vmc_sddc.sddc_1 - *terraform.NodeValidatableResource
  provider.vmc - *terraform.NodeApplyableProvider
2019/01/14 22:46:31 [TRACE] Graph after step *terraform.PruneProviderTransformer:

data.vmc_org.my_org - *terraform.NodeValidatableResource
  provider.vmc - *terraform.NodeApplyableProvider
provider.vmc - *terraform.NodeApplyableProvider
vmc_sddc.sddc_1 - *terraform.NodeValidatableResource
  provider.vmc - *terraform.NodeApplyableProvider
2019/01/14 22:46:31 [TRACE] Graph after step *terraform.ParentProviderTransformer:

data.vmc_org.my_org - *terraform.NodeValidatableResource
  provider.vmc - *terraform.NodeApplyableProvider
provider.vmc - *terraform.NodeApplyableProvider
vmc_sddc.sddc_1 - *terraform.NodeValidatableResource
  provider.vmc - *terraform.NodeApplyableProvider
2019/01/14 22:46:31 [TRACE] Graph after step *terraform.graphTransformerMulti:

data.vmc_org.my_org - *terraform.NodeValidatableResource
  provider.vmc - *terraform.NodeApplyableProvider
provider.vmc - *terraform.NodeApplyableProvider
vmc_sddc.sddc_1 - *terraform.NodeValidatableResource
  provider.vmc - *terraform.NodeApplyableProvider
2019/01/14 22:46:31 [TRACE] Graph after step *terraform.MissingProvisionerTransformer:

data.vmc_org.my_org - *terraform.NodeValidatableResource
  provider.vmc - *terraform.NodeApplyableProvider
provider.vmc - *terraform.NodeApplyableProvider
vmc_sddc.sddc_1 - *terraform.NodeValidatableResource
  provider.vmc - *terraform.NodeApplyableProvider
2019/01/14 22:46:31 [TRACE] Graph after step *terraform.ProvisionerTransformer:

data.vmc_org.my_org - *terraform.NodeValidatableResource
  provider.vmc - *terraform.NodeApplyableProvider
provider.vmc - *terraform.NodeApplyableProvider
vmc_sddc.sddc_1 - *terraform.NodeValidatableResource
  provider.vmc - *terraform.NodeApplyableProvider
2019/01/14 22:46:31 [TRACE] Graph after step *terraform.graphTransformerMulti:

data.vmc_org.my_org - *terraform.NodeValidatableResource
  provider.vmc - *terraform.NodeApplyableProvider
provider.vmc - *terraform.NodeApplyableProvider
vmc_sddc.sddc_1 - *terraform.NodeValidatableResource
  provider.vmc - *terraform.NodeApplyableProvider
2019/01/14 22:46:31 [TRACE] Graph after step *terraform.ModuleVariableTransformer:

data.vmc_org.my_org - *terraform.NodeValidatableResource
  provider.vmc - *terraform.NodeApplyableProvider
provider.vmc - *terraform.NodeApplyableProvider
vmc_sddc.sddc_1 - *terraform.NodeValidatableResource
  provider.vmc - *terraform.NodeApplyableProvider
2019/01/14 22:46:31 [TRACE] Graph after step *terraform.RemovedModuleTransformer:

data.vmc_org.my_org - *terraform.NodeValidatableResource
  provider.vmc - *terraform.NodeApplyableProvider
provider.vmc - *terraform.NodeApplyableProvider
vmc_sddc.sddc_1 - *terraform.NodeValidatableResource
  provider.vmc - *terraform.NodeApplyableProvider
2019/01/14 22:46:31 [DEBUG] ReferenceTransformer: "vmc_sddc.sddc_1" references: [data.vmc_org.my_org]
2019/01/14 22:46:31 [DEBUG] ReferenceTransformer: "provider.vmc" references: []
2019/01/14 22:46:31 [DEBUG] ReferenceTransformer: "data.vmc_org.my_org" references: []
2019/01/14 22:46:31 [TRACE] Graph after step *terraform.ReferenceTransformer:

data.vmc_org.my_org - *terraform.NodeValidatableResource
  provider.vmc - *terraform.NodeApplyableProvider
provider.vmc - *terraform.NodeApplyableProvider
vmc_sddc.sddc_1 - *terraform.NodeValidatableResource
  data.vmc_org.my_org - *terraform.NodeValidatableResource
  provider.vmc - *terraform.NodeApplyableProvider
2019/01/14 22:46:31 [TRACE] Graph after step *terraform.CountBoundaryTransformer:

data.vmc_org.my_org - *terraform.NodeValidatableResource
  provider.vmc - *terraform.NodeApplyableProvider
meta.count-boundary (count boundary fixup) - *terraform.NodeCountBoundary
  data.vmc_org.my_org - *terraform.NodeValidatableResource
  provider.vmc - *terraform.NodeApplyableProvider
  vmc_sddc.sddc_1 - *terraform.NodeValidatableResource
provider.vmc - *terraform.NodeApplyableProvider
vmc_sddc.sddc_1 - *terraform.NodeValidatableResource
  data.vmc_org.my_org - *terraform.NodeValidatableResource
  provider.vmc - *terraform.NodeApplyableProvider
2019/01/14 22:46:31 [TRACE] Graph after step *terraform.TargetsTransformer:

data.vmc_org.my_org - *terraform.NodeValidatableResource
  provider.vmc - *terraform.NodeApplyableProvider
meta.count-boundary (count boundary fixup) - *terraform.NodeCountBoundary
  data.vmc_org.my_org - *terraform.NodeValidatableResource
  provider.vmc - *terraform.NodeApplyableProvider
  vmc_sddc.sddc_1 - *terraform.NodeValidatableResource
provider.vmc - *terraform.NodeApplyableProvider
vmc_sddc.sddc_1 - *terraform.NodeValidatableResource
  data.vmc_org.my_org - *terraform.NodeValidatableResource
  provider.vmc - *terraform.NodeApplyableProvider
2019/01/14 22:46:31 [TRACE] Graph after step *terraform.CloseProviderTransformer:

data.vmc_org.my_org - *terraform.NodeValidatableResource
  provider.vmc - *terraform.NodeApplyableProvider
meta.count-boundary (count boundary fixup) - *terraform.NodeCountBoundary
  data.vmc_org.my_org - *terraform.NodeValidatableResource
  provider.vmc - *terraform.NodeApplyableProvider
  vmc_sddc.sddc_1 - *terraform.NodeValidatableResource
provider.vmc - *terraform.NodeApplyableProvider
provider.vmc (close) - *terraform.graphNodeCloseProvider
  data.vmc_org.my_org - *terraform.NodeValidatableResource
  provider.vmc - *terraform.NodeApplyableProvider
  vmc_sddc.sddc_1 - *terraform.NodeValidatableResource
vmc_sddc.sddc_1 - *terraform.NodeValidatableResource
  data.vmc_org.my_org - *terraform.NodeValidatableResource
  provider.vmc - *terraform.NodeApplyableProvider
2019/01/14 22:46:31 [TRACE] Graph after step *terraform.CloseProvisionerTransformer:

data.vmc_org.my_org - *terraform.NodeValidatableResource
  provider.vmc - *terraform.NodeApplyableProvider
meta.count-boundary (count boundary fixup) - *terraform.NodeCountBoundary
  data.vmc_org.my_org - *terraform.NodeValidatableResource
  provider.vmc - *terraform.NodeApplyableProvider
  vmc_sddc.sddc_1 - *terraform.NodeValidatableResource
provider.vmc - *terraform.NodeApplyableProvider
provider.vmc (close) - *terraform.graphNodeCloseProvider
  data.vmc_org.my_org - *terraform.NodeValidatableResource
  provider.vmc - *terraform.NodeApplyableProvider
  vmc_sddc.sddc_1 - *terraform.NodeValidatableResource
vmc_sddc.sddc_1 - *terraform.NodeValidatableResource
  data.vmc_org.my_org - *terraform.NodeValidatableResource
  provider.vmc - *terraform.NodeApplyableProvider
2019/01/14 22:46:31 [TRACE] Graph after step *terraform.RootTransformer:

data.vmc_org.my_org - *terraform.NodeValidatableResource
  provider.vmc - *terraform.NodeApplyableProvider
meta.count-boundary (count boundary fixup) - *terraform.NodeCountBoundary
  data.vmc_org.my_org - *terraform.NodeValidatableResource
  provider.vmc - *terraform.NodeApplyableProvider
  vmc_sddc.sddc_1 - *terraform.NodeValidatableResource
provider.vmc - *terraform.NodeApplyableProvider
provider.vmc (close) - *terraform.graphNodeCloseProvider
  data.vmc_org.my_org - *terraform.NodeValidatableResource
  provider.vmc - *terraform.NodeApplyableProvider
  vmc_sddc.sddc_1 - *terraform.NodeValidatableResource
root - terraform.graphNodeRoot
  meta.count-boundary (count boundary fixup) - *terraform.NodeCountBoundary
  provider.vmc (close) - *terraform.graphNodeCloseProvider
vmc_sddc.sddc_1 - *terraform.NodeValidatableResource
  data.vmc_org.my_org - *terraform.NodeValidatableResource
  provider.vmc - *terraform.NodeApplyableProvider
2019/01/14 22:46:31 [TRACE] Graph after step *terraform.TransitiveReductionTransformer:

data.vmc_org.my_org - *terraform.NodeValidatableResource
  provider.vmc - *terraform.NodeApplyableProvider
meta.count-boundary (count boundary fixup) - *terraform.NodeCountBoundary
  vmc_sddc.sddc_1 - *terraform.NodeValidatableResource
provider.vmc - *terraform.NodeApplyableProvider
provider.vmc (close) - *terraform.graphNodeCloseProvider
  vmc_sddc.sddc_1 - *terraform.NodeValidatableResource
root - terraform.graphNodeRoot
  meta.count-boundary (count boundary fixup) - *terraform.NodeCountBoundary
  provider.vmc (close) - *terraform.graphNodeCloseProvider
vmc_sddc.sddc_1 - *terraform.NodeValidatableResource
  data.vmc_org.my_org - *terraform.NodeValidatableResource
2019/01/14 22:46:31 [DEBUG] Starting graph walk: walkValidate
2019/01/14 22:46:31 [TRACE] dag/walk: added new vertex: "data.vmc_org.my_org"
2019/01/14 22:46:31 [TRACE] dag/walk: added new vertex: "vmc_sddc.sddc_1"
2019/01/14 22:46:31 [TRACE] dag/walk: added new vertex: "provider.vmc"
2019/01/14 22:46:31 [TRACE] dag/walk: added new vertex: "meta.count-boundary (count boundary fixup)"
2019/01/14 22:46:31 [TRACE] dag/walk: added new vertex: "provider.vmc (close)"
2019/01/14 22:46:31 [TRACE] dag/walk: added new vertex: "root"
2019/01/14 22:46:31 [TRACE] dag/walk: added edge: "provider.vmc (close)" waiting on "vmc_sddc.sddc_1"
2019/01/14 22:46:31 [TRACE] dag/walk: added edge: "vmc_sddc.sddc_1" waiting on "data.vmc_org.my_org"
2019/01/14 22:46:31 [TRACE] dag/walk: added edge: "root" waiting on "meta.count-boundary (count boundary fixup)"
2019/01/14 22:46:31 [TRACE] dag/walk: added edge: "root" waiting on "provider.vmc (close)"
2019/01/14 22:46:31 [TRACE] dag/walk: added edge: "data.vmc_org.my_org" waiting on "provider.vmc"
2019/01/14 22:46:31 [TRACE] dag/walk: added edge: "meta.count-boundary (count boundary fixup)" waiting on "vmc_sddc.sddc_1"
2019/01/14 22:46:31 [TRACE] dag/walk: dependencies changed for "provider.vmc (close)", sending new deps
2019/01/14 22:46:31 [TRACE] dag/walk: dependencies changed for "vmc_sddc.sddc_1", sending new deps
2019/01/14 22:46:31 [TRACE] dag/walk: dependencies changed for "root", sending new deps
2019/01/14 22:46:31 [TRACE] dag/walk: dependencies changed for "data.vmc_org.my_org", sending new deps
2019/01/14 22:46:31 [TRACE] dag/walk: dependencies changed for "meta.count-boundary (count boundary fixup)", sending new deps
2019/01/14 22:46:31 [TRACE] dag/walk: walking "provider.vmc"
2019/01/14 22:46:31 [TRACE] vertex 'root.provider.vmc': walking
2019/01/14 22:46:31 [TRACE] vertex 'root.provider.vmc': evaluating
2019/01/14 22:46:31 [TRACE] [walkValidate] Entering eval tree: provider.vmc
2019/01/14 22:46:31 [TRACE] root: eval: *terraform.EvalSequence
2019/01/14 22:46:31 [TRACE] root: eval: *terraform.EvalInitProvider
2019/01/14 22:46:31 [TRACE] root: eval: terraform.EvalNoop
2019/01/14 22:46:31 [TRACE] root: eval: *terraform.EvalOpFilter
2019/01/14 22:46:31 [TRACE] root: eval: *terraform.EvalSequence
2019/01/14 22:46:31 [TRACE] root: eval: *terraform.EvalGetProvider
2019/01/14 22:46:31 [TRACE] root: eval: *terraform.EvalInterpolateProvider
2019/01/14 22:46:31 [TRACE] root: eval: *terraform.EvalBuildProviderConfig
2019/01/14 22:46:31 [TRACE] root: eval: *terraform.EvalValidateProvider
2019/01/14 22:46:31 [TRACE] root: eval: terraform.EvalNoop
2019/01/14 22:46:31 [TRACE] root: eval: terraform.EvalNoop
2019/01/14 22:46:31 [TRACE] [walkValidate] Exiting eval tree: provider.vmc
2019/01/14 22:46:31 [TRACE] dag/walk: walking "data.vmc_org.my_org"
2019/01/14 22:46:31 [TRACE] vertex 'root.data.vmc_org.my_org': walking
2019/01/14 22:46:31 [TRACE] vertex 'root.data.vmc_org.my_org': evaluating
2019/01/14 22:46:31 [TRACE] [walkValidate] Entering eval tree: data.vmc_org.my_org
2019/01/14 22:46:31 [TRACE] root: eval: *terraform.EvalSequence
2019/01/14 22:46:31 [TRACE] root: eval: *terraform.EvalInterpolate
2019/01/14 22:46:31 [TRACE] root: eval: *terraform.EvalIf
2019/01/14 22:46:31 [TRACE] root: eval: *terraform.EvalValidateCount
2019/01/14 22:46:31 [TRACE] root: eval: *terraform.EvalCountFixZeroOneBoundary
2019/01/14 22:46:31 [TRACE] [walkValidate] Exiting eval tree: data.vmc_org.my_org
2019/01/14 22:46:31 [TRACE] vertex 'root.data.vmc_org.my_org': expanding/walking dynamic subgraph
2019/01/14 22:46:31 [TRACE] Graph after step *terraform.ResourceCountTransformer:

data.vmc_org.my_org - *terraform.NodeValidatableResourceInstance
2019/01/14 22:46:31 [DEBUG] Attaching resource state to "data.vmc_org.my_org": &terraform.ResourceState{Type:"vmc_org", Dependencies:[]string{}, Primary:(*terraform.InstanceState)(0xc000426640), Deposed:[]*terraform.InstanceState{}, Provider:"provider.vmc", mu:sync.Mutex{state:0, sema:0x0}}
2019/01/14 22:46:31 [TRACE] Graph after step *terraform.AttachStateTransformer:

data.vmc_org.my_org - *terraform.NodeValidatableResourceInstance
2019/01/14 22:46:31 [TRACE] Graph after step *terraform.TargetsTransformer:

data.vmc_org.my_org - *terraform.NodeValidatableResourceInstance
2019/01/14 22:46:31 [DEBUG] ReferenceTransformer: "data.vmc_org.my_org" references: []
2019/01/14 22:46:31 [TRACE] Graph after step *terraform.ReferenceTransformer:

data.vmc_org.my_org - *terraform.NodeValidatableResourceInstance
2019/01/14 22:46:31 [TRACE] Graph after step *terraform.RootTransformer:

data.vmc_org.my_org - *terraform.NodeValidatableResourceInstance
2019/01/14 22:46:31 [TRACE] dag/walk: added new vertex: "data.vmc_org.my_org"
2019/01/14 22:46:31 [TRACE] dag/walk: walking "data.vmc_org.my_org"
2019/01/14 22:46:31 [TRACE] vertex 'root.data.vmc_org.my_org': walking
2019/01/14 22:46:31 [TRACE] vertex 'root.data.vmc_org.my_org': evaluating
2019/01/14 22:46:31 [TRACE] [walkValidate] Entering eval tree: data.vmc_org.my_org
2019/01/14 22:46:31 [TRACE] root: eval: *terraform.EvalSequence
2019/01/14 22:46:31 [TRACE] root: eval: *terraform.EvalValidateResourceSelfRef
2019/01/14 22:46:31 [TRACE] root: eval: *terraform.EvalGetProvider
2019/01/14 22:46:31 [TRACE] root: eval: *terraform.EvalInterpolate
2019/01/14 22:46:31 [TRACE] root: eval: *terraform.EvalValidateResource
2019/01/14 22:46:31 [TRACE] [walkValidate] Exiting eval tree: data.vmc_org.my_org
2019/01/14 22:46:31 [TRACE] dag/walk: walking "vmc_sddc.sddc_1"
2019/01/14 22:46:31 [TRACE] vertex 'root.vmc_sddc.sddc_1': walking
2019/01/14 22:46:31 [TRACE] vertex 'root.vmc_sddc.sddc_1': evaluating
2019/01/14 22:46:31 [TRACE] [walkValidate] Entering eval tree: vmc_sddc.sddc_1
2019/01/14 22:46:31 [TRACE] root: eval: *terraform.EvalSequence
2019/01/14 22:46:31 [TRACE] root: eval: *terraform.EvalInterpolate
2019/01/14 22:46:31 [TRACE] root: eval: *terraform.EvalIf
2019/01/14 22:46:31 [TRACE] root: eval: *terraform.EvalValidateCount
2019/01/14 22:46:31 [TRACE] root: eval: *terraform.EvalCountFixZeroOneBoundary
2019/01/14 22:46:31 [TRACE] [walkValidate] Exiting eval tree: vmc_sddc.sddc_1
2019/01/14 22:46:31 [TRACE] vertex 'root.vmc_sddc.sddc_1': expanding/walking dynamic subgraph
2019/01/14 22:46:31 [TRACE] Graph after step *terraform.ResourceCountTransformer:

vmc_sddc.sddc_1 - *terraform.NodeValidatableResourceInstance
2019/01/14 22:46:31 [DEBUG] Attaching resource state to "vmc_sddc.sddc_1": &terraform.ResourceState{Type:"vmc_sddc", Dependencies:[]string{"data.vmc_org.my_org"}, Primary:(*terraform.InstanceState)(0xc0004266e0), Deposed:[]*terraform.InstanceState{}, Provider:"provider.vmc", mu:sync.Mutex{state:0, sema:0x0}}
2019/01/14 22:46:31 [TRACE] Graph after step *terraform.AttachStateTransformer:

vmc_sddc.sddc_1 - *terraform.NodeValidatableResourceInstance
2019/01/14 22:46:31 [TRACE] Graph after step *terraform.TargetsTransformer:

vmc_sddc.sddc_1 - *terraform.NodeValidatableResourceInstance
2019/01/14 22:46:31 [DEBUG] ReferenceTransformer: "vmc_sddc.sddc_1" references: []
2019/01/14 22:46:31 [TRACE] Graph after step *terraform.ReferenceTransformer:

vmc_sddc.sddc_1 - *terraform.NodeValidatableResourceInstance
2019/01/14 22:46:31 [TRACE] Graph after step *terraform.RootTransformer:

vmc_sddc.sddc_1 - *terraform.NodeValidatableResourceInstance
2019/01/14 22:46:31 [TRACE] dag/walk: added new vertex: "vmc_sddc.sddc_1"
2019/01/14 22:46:31 [TRACE] dag/walk: walking "vmc_sddc.sddc_1"
2019/01/14 22:46:31 [TRACE] vertex 'root.vmc_sddc.sddc_1': walking
2019/01/14 22:46:31 [TRACE] vertex 'root.vmc_sddc.sddc_1': evaluating
2019/01/14 22:46:31 [TRACE] [walkValidate] Entering eval tree: vmc_sddc.sddc_1
2019/01/14 22:46:31 [TRACE] root: eval: *terraform.EvalSequence
2019/01/14 22:46:31 [TRACE] root: eval: *terraform.EvalValidateResourceSelfRef
2019/01/14 22:46:31 [TRACE] root: eval: *terraform.EvalGetProvider
2019/01/14 22:46:31 [TRACE] root: eval: *terraform.EvalInterpolate
2019/01/14 22:46:31 [TRACE] root: eval: *terraform.EvalValidateResource
2019/01/14 22:46:31 [TRACE] [walkValidate] Exiting eval tree: vmc_sddc.sddc_1
2019/01/14 22:46:31 [TRACE] dag/walk: walking "provider.vmc (close)"
2019/01/14 22:46:31 [TRACE] vertex 'root.provider.vmc (close)': walking
2019/01/14 22:46:31 [TRACE] dag/walk: walking "meta.count-boundary (count boundary fixup)"
2019/01/14 22:46:31 [TRACE] vertex 'root.provider.vmc (close)': evaluating
2019/01/14 22:46:31 [TRACE] vertex 'root.meta.count-boundary (count boundary fixup)': walking
2019/01/14 22:46:31 [TRACE] [walkValidate] Entering eval tree: provider.vmc (close)
2019/01/14 22:46:31 [TRACE] root: eval: *terraform.EvalCloseProvider
2019/01/14 22:46:31 [TRACE] vertex 'root.meta.count-boundary (count boundary fixup)': evaluating
2019/01/14 22:46:31 [TRACE] [walkValidate] Entering eval tree: meta.count-boundary (count boundary fixup)
2019/01/14 22:46:31 [TRACE] root: eval: *terraform.EvalCountFixZeroOneBoundaryGlobal
2019/01/14 22:46:31 [TRACE] [walkValidate] Exiting eval tree: provider.vmc (close)
2019/01/14 22:46:31 [TRACE] EvalCountFixZeroOneBoundaryGlobal: count 1, search "vmc_sddc.sddc_1.0", replace "vmc_sddc.sddc_1"
2019/01/14 22:46:31 [TRACE] EvalCountFixZeroOneBoundaryGlobal: count 1, search "data.vmc_org.my_org.0", replace "data.vmc_org.my_org"
2019/01/14 22:46:31 [TRACE] [walkValidate] Exiting eval tree: meta.count-boundary (count boundary fixup)
2019/01/14 22:46:31 [TRACE] dag/walk: walking "root"
2019/01/14 22:46:31 [TRACE] vertex 'root.root': walking
2019/01/14 22:46:31 [INFO] backend/local: apply calling Refresh
2019/01/14 22:46:31 [INFO] terraform: building graph: GraphTypeRefresh
2019/01/14 22:46:31 [TRACE] ConfigTransformer: Starting for path: []
2019/01/14 22:46:31 [TRACE] Graph after step *terraform.ConfigTransformer:

vmc_sddc.sddc_1 - *terraform.NodeRefreshableManagedResource
2019/01/14 22:46:31 [TRACE] ConfigTransformer: Starting for path: []
2019/01/14 22:46:31 [TRACE] Graph after step *terraform.ConfigTransformer:

data.vmc_org.my_org - *terraform.NodeRefreshableDataResource
vmc_sddc.sddc_1 - *terraform.NodeRefreshableManagedResource
2019/01/14 22:46:31 [TRACE] Graph after step *terraform.OrphanResourceTransformer:

data.vmc_org.my_org - *terraform.NodeRefreshableDataResource
vmc_sddc.sddc_1 - *terraform.NodeRefreshableManagedResource
2019/01/14 22:46:31 [DEBUG] Attaching resource state to "vmc_sddc.sddc_1": &terraform.ResourceState{Type:"vmc_sddc", Dependencies:[]string{"data.vmc_org.my_org"}, Primary:(*terraform.InstanceState)(0xc000384910), Deposed:[]*terraform.InstanceState{}, Provider:"provider.vmc", mu:sync.Mutex{state:0, sema:0x0}}
2019/01/14 22:46:31 [DEBUG] Attaching resource state to "data.vmc_org.my_org": &terraform.ResourceState{Type:"vmc_org", Dependencies:[]string{}, Primary:(*terraform.InstanceState)(0xc000384870), Deposed:[]*terraform.InstanceState{}, Provider:"provider.vmc", mu:sync.Mutex{state:0, sema:0x0}}
2019/01/14 22:46:31 [TRACE] Graph after step *terraform.AttachStateTransformer:

data.vmc_org.my_org - *terraform.NodeRefreshableDataResource
vmc_sddc.sddc_1 - *terraform.NodeRefreshableManagedResource
2019/01/14 22:46:31 [TRACE] AttachResourceConfigTransformer: Beginning...
2019/01/14 22:46:31 [TRACE] AttachResourceConfigTransformer: Attach resource config request: vmc_sddc.sddc_1
2019/01/14 22:46:31 [TRACE] Attaching resource config: &config.Resource{Mode:0, Name:"sddc_1", Type:"vmc_sddc", RawCount:(*config.RawConfig)(0xc00037c850), RawConfig:(*config.RawConfig)(0xc00037c7e0), Provisioners:[]*config.Provisioner(nil), Provider:"", DependsOn:[]string(nil), Lifecycle:config.ResourceLifecycle{CreateBeforeDestroy:false, PreventDestroy:false, IgnoreChanges:[]string(nil)}}
2019/01/14 22:46:31 [TRACE] AttachResourceConfigTransformer: Attach resource config request: data.vmc_org.my_org
2019/01/14 22:46:31 [TRACE] Attaching resource config: &config.Resource{Mode:1, Name:"my_org", Type:"vmc_org", RawCount:(*config.RawConfig)(0xc00037c930), RawConfig:(*config.RawConfig)(0xc00037c8c0), Provisioners:[]*config.Provisioner{}, Provider:"", DependsOn:[]string(nil), Lifecycle:config.ResourceLifecycle{CreateBeforeDestroy:false, PreventDestroy:false, IgnoreChanges:[]string(nil)}}
2019/01/14 22:46:31 [TRACE] Graph after step *terraform.AttachResourceConfigTransformer:

data.vmc_org.my_org - *terraform.NodeRefreshableDataResource
vmc_sddc.sddc_1 - *terraform.NodeRefreshableManagedResource
2019/01/14 22:46:31 [TRACE] Graph after step *terraform.RootVariableTransformer:

data.vmc_org.my_org - *terraform.NodeRefreshableDataResource
vmc_sddc.sddc_1 - *terraform.NodeRefreshableManagedResource
2019/01/14 22:46:31 [TRACE] ProviderConfigTransformer: Starting for path: []
2019/01/14 22:46:31 [TRACE] Attach provider request: []string{} vmc
2019/01/14 22:46:31 [TRACE] Attaching provider config: *config.ProviderConfig{Name:"vmc", Alias:"", Version:"", RawConfig:(*config.RawConfig)(0xc00037c770)}
2019/01/14 22:46:31 [TRACE] Graph after step *terraform.ProviderConfigTransformer:

data.vmc_org.my_org - *terraform.NodeRefreshableDataResource
provider.vmc - *terraform.NodeApplyableProvider
vmc_sddc.sddc_1 - *terraform.NodeRefreshableManagedResource
2019/01/14 22:46:31 [TRACE] Graph after step *terraform.MissingProviderTransformer:

data.vmc_org.my_org - *terraform.NodeRefreshableDataResource
provider.vmc - *terraform.NodeApplyableProvider
vmc_sddc.sddc_1 - *terraform.NodeRefreshableManagedResource
2019/01/14 22:46:31 [DEBUG] resource data.vmc_org.my_org using provider provider.vmc
2019/01/14 22:46:31 [DEBUG] resource vmc_sddc.sddc_1 using provider provider.vmc
2019/01/14 22:46:31 [TRACE] Graph after step *terraform.ProviderTransformer:

data.vmc_org.my_org - *terraform.NodeRefreshableDataResource
  provider.vmc - *terraform.NodeApplyableProvider
provider.vmc - *terraform.NodeApplyableProvider
vmc_sddc.sddc_1 - *terraform.NodeRefreshableManagedResource
  provider.vmc - *terraform.NodeApplyableProvider
2019/01/14 22:46:31 [TRACE] Graph after step *terraform.PruneProviderTransformer:

data.vmc_org.my_org - *terraform.NodeRefreshableDataResource
  provider.vmc - *terraform.NodeApplyableProvider
provider.vmc - *terraform.NodeApplyableProvider
vmc_sddc.sddc_1 - *terraform.NodeRefreshableManagedResource
  provider.vmc - *terraform.NodeApplyableProvider
2019/01/14 22:46:31 [TRACE] Graph after step *terraform.ParentProviderTransformer:

data.vmc_org.my_org - *terraform.NodeRefreshableDataResource
  provider.vmc - *terraform.NodeApplyableProvider
provider.vmc - *terraform.NodeApplyableProvider
vmc_sddc.sddc_1 - *terraform.NodeRefreshableManagedResource
  provider.vmc - *terraform.NodeApplyableProvider
2019/01/14 22:46:31 [TRACE] Graph after step *terraform.graphTransformerMulti:

data.vmc_org.my_org - *terraform.NodeRefreshableDataResource
  provider.vmc - *terraform.NodeApplyableProvider
provider.vmc - *terraform.NodeApplyableProvider
vmc_sddc.sddc_1 - *terraform.NodeRefreshableManagedResource
  provider.vmc - *terraform.NodeApplyableProvider
2019/01/14 22:46:31 [TRACE] Graph after step *terraform.LocalTransformer:

data.vmc_org.my_org - *terraform.NodeRefreshableDataResource
  provider.vmc - *terraform.NodeApplyableProvider
provider.vmc - *terraform.NodeApplyableProvider
vmc_sddc.sddc_1 - *terraform.NodeRefreshableManagedResource
  provider.vmc - *terraform.NodeApplyableProvider
2019/01/14 22:46:31 [TRACE] Graph after step *terraform.OutputTransformer:

data.vmc_org.my_org - *terraform.NodeRefreshableDataResource
  provider.vmc - *terraform.NodeApplyableProvider
provider.vmc - *terraform.NodeApplyableProvider
vmc_sddc.sddc_1 - *terraform.NodeRefreshableManagedResource
  provider.vmc - *terraform.NodeApplyableProvider
2019/01/14 22:46:31 [TRACE] Graph after step *terraform.ModuleVariableTransformer:

data.vmc_org.my_org - *terraform.NodeRefreshableDataResource
  provider.vmc - *terraform.NodeApplyableProvider
provider.vmc - *terraform.NodeApplyableProvider
vmc_sddc.sddc_1 - *terraform.NodeRefreshableManagedResource
  provider.vmc - *terraform.NodeApplyableProvider
2019/01/14 22:46:31 [DEBUG] ReferenceTransformer: "vmc_sddc.sddc_1" references: [data.vmc_org.my_org]
2019/01/14 22:46:31 [DEBUG] ReferenceTransformer: "data.vmc_org.my_org" references: []
2019/01/14 22:46:31 [DEBUG] ReferenceTransformer: "provider.vmc" references: []
2019/01/14 22:46:31 [TRACE] Graph after step *terraform.ReferenceTransformer:

data.vmc_org.my_org - *terraform.NodeRefreshableDataResource
  provider.vmc - *terraform.NodeApplyableProvider
provider.vmc - *terraform.NodeApplyableProvider
vmc_sddc.sddc_1 - *terraform.NodeRefreshableManagedResource
  data.vmc_org.my_org - *terraform.NodeRefreshableDataResource
  provider.vmc - *terraform.NodeApplyableProvider
2019/01/14 22:46:31 [TRACE] Graph after step *terraform.TargetsTransformer:

data.vmc_org.my_org - *terraform.NodeRefreshableDataResource
  provider.vmc - *terraform.NodeApplyableProvider
provider.vmc - *terraform.NodeApplyableProvider
vmc_sddc.sddc_1 - *terraform.NodeRefreshableManagedResource
  data.vmc_org.my_org - *terraform.NodeRefreshableDataResource
  provider.vmc - *terraform.NodeApplyableProvider
2019/01/14 22:46:31 [TRACE] Graph after step *terraform.CloseProviderTransformer:

data.vmc_org.my_org - *terraform.NodeRefreshableDataResource
  provider.vmc - *terraform.NodeApplyableProvider
provider.vmc - *terraform.NodeApplyableProvider
provider.vmc (close) - *terraform.graphNodeCloseProvider
  data.vmc_org.my_org - *terraform.NodeRefreshableDataResource
  provider.vmc - *terraform.NodeApplyableProvider
  vmc_sddc.sddc_1 - *terraform.NodeRefreshableManagedResource
vmc_sddc.sddc_1 - *terraform.NodeRefreshableManagedResource
  data.vmc_org.my_org - *terraform.NodeRefreshableDataResource
  provider.vmc - *terraform.NodeApplyableProvider
2019/01/14 22:46:31 [TRACE] Graph after step *terraform.RootTransformer:

data.vmc_org.my_org - *terraform.NodeRefreshableDataResource
  provider.vmc - *terraform.NodeApplyableProvider
provider.vmc - *terraform.NodeApplyableProvider
provider.vmc (close) - *terraform.graphNodeCloseProvider
  data.vmc_org.my_org - *terraform.NodeRefreshableDataResource
  provider.vmc - *terraform.NodeApplyableProvider
  vmc_sddc.sddc_1 - *terraform.NodeRefreshableManagedResource
vmc_sddc.sddc_1 - *terraform.NodeRefreshableManagedResource
  data.vmc_org.my_org - *terraform.NodeRefreshableDataResource
  provider.vmc - *terraform.NodeApplyableProvider
2019/01/14 22:46:31 [TRACE] Graph after step *terraform.TransitiveReductionTransformer:

data.vmc_org.my_org - *terraform.NodeRefreshableDataResource
  provider.vmc - *terraform.NodeApplyableProvider
provider.vmc - *terraform.NodeApplyableProvider
provider.vmc (close) - *terraform.graphNodeCloseProvider
  vmc_sddc.sddc_1 - *terraform.NodeRefreshableManagedResource
vmc_sddc.sddc_1 - *terraform.NodeRefreshableManagedResource
  data.vmc_org.my_org - *terraform.NodeRefreshableDataResource
2019/01/14 22:46:31 [DEBUG] Starting graph walk: walkRefresh
2019/01/14 22:46:31 [TRACE] dag/walk: added new vertex: "vmc_sddc.sddc_1"
2019/01/14 22:46:31 [TRACE] dag/walk: added new vertex: "data.vmc_org.my_org"
2019/01/14 22:46:31 [TRACE] dag/walk: added new vertex: "provider.vmc"
2019/01/14 22:46:31 [TRACE] dag/walk: added new vertex: "provider.vmc (close)"
2019/01/14 22:46:31 [TRACE] dag/walk: added edge: "vmc_sddc.sddc_1" waiting on "data.vmc_org.my_org"
2019/01/14 22:46:31 [TRACE] dag/walk: added edge: "provider.vmc (close)" waiting on "vmc_sddc.sddc_1"
2019/01/14 22:46:31 [TRACE] dag/walk: added edge: "data.vmc_org.my_org" waiting on "provider.vmc"
2019/01/14 22:46:31 [TRACE] dag/walk: dependencies changed for "vmc_sddc.sddc_1", sending new deps
2019/01/14 22:46:31 [TRACE] dag/walk: dependencies changed for "provider.vmc (close)", sending new deps
2019/01/14 22:46:31 [TRACE] dag/walk: dependencies changed for "data.vmc_org.my_org", sending new deps
2019/01/14 22:46:31 [TRACE] dag/walk: walking "provider.vmc"
2019/01/14 22:46:31 [TRACE] vertex 'root.provider.vmc': walking
2019/01/14 22:46:31 [TRACE] vertex 'root.provider.vmc': evaluating
2019/01/14 22:46:31 [TRACE] [walkRefresh] Entering eval tree: provider.vmc
2019/01/14 22:46:31 [TRACE] root: eval: *terraform.EvalSequence
2019/01/14 22:46:31 [TRACE] root: eval: *terraform.EvalInitProvider
2019/01/14 22:46:31 [TRACE] root: eval: terraform.EvalNoop
2019/01/14 22:46:31 [TRACE] root: eval: terraform.EvalNoop
2019/01/14 22:46:31 [TRACE] root: eval: *terraform.EvalOpFilter
2019/01/14 22:46:31 [TRACE] root: eval: *terraform.EvalSequence
2019/01/14 22:46:31 [TRACE] root: eval: *terraform.EvalGetProvider
2019/01/14 22:46:31 [TRACE] root: eval: *terraform.EvalInterpolateProvider
2019/01/14 22:46:31 [TRACE] root: eval: *terraform.EvalBuildProviderConfig
2019/01/14 22:46:31 [TRACE] root: eval: *terraform.EvalOpFilter
2019/01/14 22:46:31 [TRACE] root: eval: *terraform.EvalSequence
2019/01/14 22:46:31 [TRACE] root: eval: *terraform.EvalConfigProvider
2019/01/14 22:46:36 [TRACE] dag/walk: vertex "data.vmc_org.my_org", waiting for: "provider.vmc"
2019/01/14 22:46:36 [TRACE] dag/walk: vertex "provider.vmc (close)", waiting for: "vmc_sddc.sddc_1"
2019/01/14 22:46:36 [TRACE] dag/walk: vertex "vmc_sddc.sddc_1", waiting for: "data.vmc_org.my_org"
2019/01/14 22:46:41 [TRACE] dag/walk: vertex "data.vmc_org.my_org", waiting for: "provider.vmc"
2019/01/14 22:46:41 [TRACE] dag/walk: vertex "provider.vmc (close)", waiting for: "vmc_sddc.sddc_1"
2019/01/14 22:46:41 [TRACE] dag/walk: vertex "vmc_sddc.sddc_1", waiting for: "data.vmc_org.my_org"
2019-01-14T22:46:43.416+0800 [DEBUG] plugin.terraform-provider-vmc: panic: runtime error: invalid memory address or nil pointer dereference
2019-01-14T22:46:43.416+0800 [DEBUG] plugin.terraform-provider-vmc: [signal SIGSEGV: segmentation violation code=0x1 addr=0x40 pc=0x18f137a]
2019-01-14T22:46:43.416+0800 [DEBUG] plugin.terraform-provider-vmc: 
2019-01-14T22:46:43.416+0800 [DEBUG] plugin.terraform-provider-vmc: goroutine 57 [running]:
2019-01-14T22:46:43.416+0800 [DEBUG] plugin.terraform-provider-vmc: gitlab.eng.vmware.com/het/vmc-go-sdk/vmc.NewVMCClient(0xc0003de5a0, 0x24, 0x0)
2019-01-14T22:46:43.416+0800 [DEBUG] plugin.terraform-provider-vmc: 	/Users/het/go/src/gitlab.eng.vmware.com/het/vmc-go-sdk/vmc/vmc_client.go:31 +0x1ea
2019-01-14T22:46:43.416+0800 [DEBUG] plugin.terraform-provider-vmc: gitlab.eng.vmware.com/het/terraform-provider-vmc/vmc.providerConfigure(0xc0003f87e0, 0x0, 0xc0003993a0, 0xc0003f87e0, 0x0)
2019-01-14T22:46:43.416+0800 [DEBUG] plugin.terraform-provider-vmc: 	/Users/het/go/src/gitlab.eng.vmware.com/het/terraform-provider-vmc/vmc/provider.go:33 +0x6f
2019-01-14T22:46:43.416+0800 [DEBUG] plugin.terraform-provider-vmc: github.com/hashicorp/terraform/helper/schema.(*Provider).Configure(0xc000388b60, 0xc00039dd10, 0x2a01440, 0x0)
2019-01-14T22:46:43.416+0800 [DEBUG] plugin.terraform-provider-vmc: 	/Users/het/go/src/github.com/hashicorp/terraform/helper/schema/provider.go:264 +0xd2
2019-01-14T22:46:43.417+0800 [DEBUG] plugin.terraform-provider-vmc: github.com/hashicorp/terraform/plugin.(*ResourceProviderServer).Configure(0xc00038ae00, 0xc00039dd10, 0xc0003aa568, 0x0, 0x0)
2019-01-14T22:46:43.417+0800 [DEBUG] plugin.terraform-provider-vmc: 	/Users/het/go/src/github.com/hashicorp/terraform/plugin/resource_provider.go:520 +0x3e
2019-01-14T22:46:43.417+0800 [DEBUG] plugin.terraform-provider-vmc: reflect.Value.call(0xc0001435c0, 0xc0003aa3b0, 0x13, 0x1b2bc1e, 0x4, 0xc000079f18, 0x3, 0x3, 0xc00037e0c0, 0xc0003963c0, ...)
2019-01-14T22:46:43.417+0800 [DEBUG] plugin.terraform-provider-vmc: 	/usr/local/go/src/reflect/value.go:447 +0x454
2019-01-14T22:46:43.417+0800 [DEBUG] plugin.terraform-provider-vmc: reflect.Value.Call(0xc0001435c0, 0xc0003aa3b0, 0x13, 0xc000326f18, 0x3, 0x3, 0x0, 0xc000391b00, 0x0)
2019-01-14T22:46:43.417+0800 [DEBUG] plugin.terraform-provider-vmc: 	/usr/local/go/src/reflect/value.go:308 +0xa4
2019-01-14T22:46:43.417+0800 [DEBUG] plugin.terraform-provider-vmc: net/rpc.(*service).call(0xc00037f100, 0xc0003a85f0, 0xc00038ea20, 0xc00038ea30, 0xc0003be980, 0xc000398e80, 0x1ab2e80, 0xc00039dd10, 0x16, 0x196db00, ...)
2019-01-14T22:46:43.417+0800 [DEBUG] plugin.terraform-provider-vmc: 	/usr/local/go/src/net/rpc/server.go:384 +0x14e
2019-01-14T22:46:43.417+0800 [DEBUG] plugin.terraform-provider-vmc: created by net/rpc.(*Server).ServeCodec
2019-01-14T22:46:43.417+0800 [DEBUG] plugin.terraform-provider-vmc: 	/usr/local/go/src/net/rpc/server.go:481 +0x47e
2019/01/14 22:46:43 [ERROR] root: eval: *terraform.EvalConfigProvider, err: unexpected EOF
2019/01/14 22:46:43 [ERROR] root: eval: *terraform.EvalSequence, err: unexpected EOF
2019/01/14 22:46:43 [ERROR] root: eval: *terraform.EvalOpFilter, err: unexpected EOF
2019/01/14 22:46:43 [ERROR] root: eval: *terraform.EvalSequence, err: unexpected EOF
2019/01/14 22:46:43 [TRACE] [walkRefresh] Exiting eval tree: provider.vmc
2019/01/14 22:46:43 [TRACE] dag/walk: upstream errored, not walking "data.vmc_org.my_org"
2019/01/14 22:46:43 [TRACE] dag/walk: upstream errored, not walking "vmc_sddc.sddc_1"
2019/01/14 22:46:43 [TRACE] dag/walk: upstream errored, not walking "provider.vmc (close)"
2019/01/14 22:46:43 [DEBUG] plugin: waiting for all plugin processes to complete...
2019-01-14T22:46:43.420+0800 [WARN ] plugin: error closing client during Kill: err="connection is shut down"
2019-01-14T22:46:43.423+0800 [DEBUG] plugin: plugin process exited: path=/Users/het/go/src/gitlab.eng.vmware.com/het/terraform-provider-vmc/terraform-provider-vmc
